<?xml version="1.0"?>
<testsuite name="HeadlessChrome 83.0.4103 (Linux 0.0.0)" package="" timestamp="2020-06-09T23:32:27" id="0" hostname="francisco-ThinkPad-L480" tests="35" errors="0" failures="0" time="0.378">
  <properties>
    <property name="browser.fullName" value="Mozilla/5.0 (X11; Linux x86_64) AppleWebKit/537.36 (KHTML, like Gecko) HeadlessChrome/83.0.4103.97 Safari/537.36"/>
  </properties>
  <testcase name="Logger should add a new LogOutput and receives only production log entries" time="0.041" classname="Logger"/>
  <testcase name="Logger should add a new LogOutput and receives log entries" time="0.001" classname="Logger"/>
  <testcase name="Logger should create an instance" time="0.001" classname="Logger"/>
  <testcase name="untilDestroyed should not throw when destroy method is implemented on super class" time="0.001" classname="untilDestroyed"/>
  <testcase name="untilDestroyed should work with subclass" time="0.001" classname="untilDestroyed"/>
  <testcase name="untilDestroyed should unsubscribe from anywhere" time="0.001" classname="untilDestroyed"/>
  <testcase name="untilDestroyed should work with classes that are not components" time="0.001" classname="untilDestroyed"/>
  <testcase name="untilDestroyed should throw when destroy method doesnt exist" time="0" classname="untilDestroyed"/>
  <testcase name="untilDestroyed should work with multiple observables" time="0.001" classname="untilDestroyed"/>
  <testcase name="untilDestroyed should not destroy other instances" time="0" classname="untilDestroyed"/>
  <testcase name="I18nService extract should not modify string" time="0.009" classname="I18nService extract"/>
  <testcase name="I18nService set language should change current language to default if unsupported" time="0.004" classname="I18nService set language"/>
  <testcase name="I18nService set language should change current language" time="0.002" classname="I18nService set language"/>
  <testcase name="I18nService set language should change current language without a region match" time="0.002" classname="I18nService set language"/>
  <testcase name="I18nService init should init with default language" time="0.004" classname="I18nService init"/>
  <testcase name="I18nService init should init with save language" time="0.004" classname="I18nService init"/>
  <testcase name="I18nService get language should return current language" time="0.002" classname="I18nService get language"/>
  <testcase name="AppComponent should create the app" time="0.026" classname="AppComponent"/>
  <testcase name="LoaderComponent should not display a message by default" time="0.043" classname="LoaderComponent"/>
  <testcase name="LoaderComponent should display specified message" time="0.023" classname="LoaderComponent"/>
  <testcase name="LoaderComponent should not be visible by default" time="0.017" classname="LoaderComponent"/>
  <testcase name="LoaderComponent should be visible when app is loading" time="0.018" classname="LoaderComponent"/>
  <testcase name="ApiPrefixInterceptor should not prepend environment.serverUrl to request url" time="0.003" classname="ApiPrefixInterceptor"/>
  <testcase name="ApiPrefixInterceptor should prepend environment.serverUrl to the request url" time="0.002" classname="ApiPrefixInterceptor"/>
  <testcase name="AboutComponent should create" time="0.036" classname="AboutComponent"/>
  <testcase name="ErrorHandlerInterceptor should catch error and call error handler" time="0.004" classname="ErrorHandlerInterceptor"/>
  <testcase name="LanguageSelectorComponent should create" time="0.03" classname="LanguageSelectorComponent"/>
  <testcase name="ShellComponent should create" time="0.03" classname="ShellComponent"/>
  <testcase name="Shell childRoutes should create routes as children of shell" time="0.003" classname="Shell childRoutes"/>
  <testcase name="ColoresDetailComponent should create" time="0.012" classname="ColoresDetailComponent"/>
  <testcase name="ColoresGridComponent should create" time="0.012" classname="ColoresGridComponent"/>
  <testcase name="ColorsService getAllColors should return all colors" time="0.004" classname="ColorsService getAllColors"/>
  <testcase name="ColorsService getAllColors should return a string in case of error" time="0.003" classname="ColorsService getAllColors"/>
  <testcase name="HomeComponent should create" time="0.027" classname="HomeComponent"/>
  <testcase name="ColoresSelectedComponent should create" time="0.01" classname="ColoresSelectedComponent"/>
  <system-out>
    <![CDATA[
]]>
  </system-out>
  <system-err/>
</testsuite>