TN:
SF:/home/francisco/Repos/training/angular-color-selector/src/polyfills.ts
FNF:0
FNH:0
LF:0
LH:0
BRF:0
BRH:0
end_of_record
TN:
SF:/home/francisco/Repos/training/angular-color-selector/src/test.ts
FNF:0
FNH:0
DA:16,1
DA:21,1
DA:23,1
LF:3
LH:3
BRF:0
BRH:0
end_of_record
TN:
SF:/home/francisco/Repos/training/angular-color-selector/src/app/app.component.ts
FN:20,(anonymous_0)
FN:28,(anonymous_1)
FN:43,(anonymous_2)
FN:49,(anonymous_3)
FN:56,(anonymous_4)
FN:57,(anonymous_5)
FN:60,(anonymous_6)
FN:68,(anonymous_7)
FNF:8
FNH:2
FNDA:1,(anonymous_0)
FNDA:0,(anonymous_1)
FNDA:0,(anonymous_2)
FNDA:0,(anonymous_3)
FNDA:0,(anonymous_4)
FNDA:0,(anonymous_5)
FNDA:0,(anonymous_6)
FNDA:1,(anonymous_7)
DA:12,1
DA:19,1
DA:21,1
DA:22,1
DA:23,1
DA:24,1
DA:25,1
DA:30,0
DA:31,0
DA:34,0
DA:37,0
DA:42,0
DA:43,0
DA:47,0
DA:50,0
DA:51,0
DA:52,0
DA:54,0
DA:56,0
DA:57,0
DA:61,0
DA:62,0
DA:63,0
DA:69,1
LF:24
LH:8
BRDA:30,0,0,0
BRDA:30,0,1,0
BRDA:62,1,0,0
BRDA:62,1,1,0
BRF:4
BRH:0
end_of_record
TN:
SF:/home/francisco/Repos/training/angular-color-selector/src/app/material.module.ts
FNF:0
FNH:0
DA:95,1
LF:1
LH:1
BRF:0
BRH:0
end_of_record
TN:
SF:/home/francisco/Repos/training/angular-color-selector/src/app/@core/core.module.ts
FN:31,(anonymous_0)
FNF:1
FNH:1
FNDA:5,(anonymous_0)
DA:30,1
DA:33,5
DA:34,0
LF:3
LH:2
BRDA:33,0,0,0
BRDA:33,0,1,5
BRF:2
BRH:1
end_of_record
TN:
SF:/home/francisco/Repos/training/angular-color-selector/src/app/@core/index.ts
FNF:0
FNH:0
LF:0
LH:0
BRF:0
BRH:0
end_of_record
TN:
SF:/home/francisco/Repos/training/angular-color-selector/src/app/@core/logger.service.ts
FN:37,(anonymous_0)
FN:74,(anonymous_1)
FN:70,(anonymous_2)
FN:80,(anonymous_3)
FN:88,(anonymous_4)
FN:96,(anonymous_5)
FN:104,(anonymous_6)
FN:108,(anonymous_7)
FN:114,(anonymous_8)
FNF:9
FNH:9
FNDA:1,(anonymous_0)
FNDA:6,(anonymous_1)
FNDA:1,(anonymous_2)
FNDA:11,(anonymous_3)
FNDA:2,(anonymous_4)
FNDA:2,(anonymous_5)
FNDA:4,(anonymous_6)
FNDA:19,(anonymous_7)
FNDA:32,(anonymous_8)
DA:37,1
DA:38,1
DA:39,1
DA:40,1
DA:41,1
DA:42,1
DA:59,1
DA:64,1
DA:71,1
DA:74,6
DA:81,11
DA:89,2
DA:97,2
DA:105,4
DA:109,19
DA:110,17
DA:113,17
DA:114,17
DA:115,32
LF:19
LH:19
BRDA:37,0,0,1
BRDA:37,0,1,1
BRDA:109,1,0,17
BRDA:109,1,1,2
BRDA:111,2,0,17
BRDA:111,2,1,0
BRF:6
BRH:5
end_of_record
TN:
SF:/home/francisco/Repos/training/angular-color-selector/src/app/@core/route-reusable-strategy.ts
FN:15,(anonymous_0)
FN:19,(anonymous_1)
FN:24,(anonymous_2)
FN:28,(anonymous_3)
FN:32,(anonymous_4)
FNF:5
FNH:0
FNDA:0,(anonymous_0)
FNDA:0,(anonymous_1)
FNDA:0,(anonymous_2)
FNDA:0,(anonymous_3)
FNDA:0,(anonymous_4)
DA:14,1
DA:16,0
DA:25,0
DA:29,0
DA:36,0
LF:5
LH:1
BRDA:36,0,0,0
BRDA:36,0,1,0
BRF:2
BRH:0
end_of_record
TN:
SF:/home/francisco/Repos/training/angular-color-selector/src/app/@core/until-destroyed.ts
FN:37,untilDestroyed
FN:41,(anonymous_1)
FN:54,(anonymous_2)
FNF:3
FNH:3
FNDA:12,untilDestroyed
FNDA:12,(anonymous_1)
FNDA:6,(anonymous_2)
DA:4,1
DA:41,12
DA:42,12
DA:43,12
DA:45,12
DA:46,1
DA:51,11
DA:52,7
DA:54,7
DA:55,6
DA:56,6
DA:58,6
DA:59,6
DA:63,11
LF:14
LH:14
BRDA:39,0,0,11
BRDA:45,1,0,1
BRDA:45,1,1,11
BRDA:51,2,0,7
BRDA:51,2,1,4
BRDA:55,3,0,6
BRDA:55,3,1,0
BRF:7
BRH:6
end_of_record
TN:
SF:/home/francisco/Repos/training/angular-color-selector/src/app/@core/http/api-prefix.interceptor.ts
FN:19,(anonymous_0)
FNF:1
FNH:1
FNDA:5,(anonymous_0)
DA:18,1
DA:23,5
DA:24,4
DA:26,5
LF:4
LH:4
BRDA:23,0,0,4
BRDA:23,0,1,1
BRF:2
BRH:2
end_of_record
TN:
SF:/home/francisco/Repos/training/angular-color-selector/src/app/@core/http/error-handler.interceptor.ts
FN:23,(anonymous_0)
FN:29,(anonymous_1)
FN:33,(anonymous_2)
FNF:3
FNH:3
FNDA:4,(anonymous_0)
FNDA:2,(anonymous_1)
FNDA:2,(anonymous_2)
DA:14,1
DA:22,1
DA:27,4
DA:29,2
DA:34,2
DA:36,2
DA:38,2
LF:7
LH:7
BRDA:34,0,0,2
BRDA:34,0,1,0
BRF:2
BRH:1
end_of_record
TN:
SF:/home/francisco/Repos/training/angular-color-selector/src/app/@shared/index.ts
FNF:0
FNH:0
LF:0
LH:0
BRF:0
BRH:0
end_of_record
TN:
SF:/home/francisco/Repos/training/angular-color-selector/src/app/@shared/shared.module.ts
FNF:0
FNH:0
DA:13,1
LF:1
LH:1
BRF:0
BRH:0
end_of_record
TN:
SF:/home/francisco/Repos/training/angular-color-selector/src/app/@shared/loader/loader.component.ts
FN:13,(anonymous_0)
FN:15,(anonymous_1)
FNF:2
FNH:2
FNDA:4,(anonymous_0)
FNDA:4,(anonymous_1)
DA:8,1
DA:9,4
DA:10,4
DA:11,1
LF:4
LH:4
BRF:0
BRH:0
end_of_record
TN:
SF:/home/francisco/Repos/training/angular-color-selector/src/app/about/about.component.ts
FN:13,(anonymous_0)
FN:15,(anonymous_1)
FNF:2
FNH:2
FNDA:1,(anonymous_0)
FNDA:1,(anonymous_1)
DA:10,1
DA:11,1
LF:2
LH:2
BRF:0
BRH:0
end_of_record
TN:
SF:/home/francisco/Repos/training/angular-color-selector/src/app/colores-detail/colores-detail.component.ts
FN:12,(anonymous_0)
FN:18,(anonymous_1)
FN:22,(anonymous_2)
FN:28,(anonymous_3)
FNF:4
FNH:2
FNDA:1,(anonymous_0)
FNDA:1,(anonymous_1)
FNDA:0,(anonymous_2)
FNDA:0,(anonymous_3)
DA:11,1
DA:13,1
DA:14,1
DA:15,1
DA:19,1
DA:23,0
DA:29,0
DA:31,0
DA:32,0
DA:33,0
DA:34,0
DA:35,0
DA:36,0
DA:37,0
DA:38,0
DA:39,0
DA:40,0
DA:41,0
DA:42,0
LF:19
LH:5
BRF:0
BRH:0
end_of_record
TN:
SF:/home/francisco/Repos/training/angular-color-selector/src/app/colores-grid/colores-grid.component.ts
FN:32,(anonymous_0)
FN:34,(anonymous_1)
FN:41,(anonymous_2)
FN:43,(anonymous_3)
FN:49,(anonymous_4)
FN:53,(anonymous_5)
FNF:6
FNH:2
FNDA:1,(anonymous_0)
FNDA:0,(anonymous_1)
FNDA:1,(anonymous_2)
FNDA:0,(anonymous_3)
FNDA:0,(anonymous_4)
FNDA:0,(anonymous_5)
DA:29,1
DA:30,1
DA:32,1
DA:35,0
DA:36,0
DA:37,0
DA:44,0
DA:46,0
DA:50,0
DA:54,0
DA:55,0
LF:11
LH:3
BRDA:35,0,0,0
BRDA:35,0,1,0
BRF:2
BRH:0
end_of_record
TN:
SF:/home/francisco/Repos/training/angular-color-selector/src/app/colores-selected/colores-selected.component.ts
FN:14,(anonymous_0)
FN:16,(anonymous_1)
FN:20,(anonymous_2)
FNF:3
FNH:2
FNDA:1,(anonymous_0)
FNDA:1,(anonymous_1)
FNDA:0,(anonymous_2)
DA:11,1
DA:12,1
DA:14,1
DA:17,1
DA:21,0
LF:5
LH:4
BRF:0
BRH:0
end_of_record
TN:
SF:/home/francisco/Repos/training/angular-color-selector/src/app/home/colors.service.ts
FN:7,(anonymous_0)
FN:8,(anonymous_1)
FN:20,(anonymous_2)
FN:21,(anonymous_3)
FN:23,(anonymous_4)
FN:24,(anonymous_5)
FN:28,(anonymous_6)
FN:30,(anonymous_7)
FN:31,(anonymous_8)
FNF:9
FNH:7
FNDA:2,(anonymous_0)
FNDA:1,(anonymous_1)
FNDA:4,(anonymous_2)
FNDA:2,(anonymous_3)
FNDA:0,(anonymous_4)
FNDA:1,(anonymous_5)
FNDA:1,(anonymous_6)
FNDA:1,(anonymous_7)
FNDA:0,(anonymous_8)
DA:6,1
DA:7,2
DA:8,1
DA:18,1
DA:19,4
DA:20,4
DA:22,2
DA:23,0
DA:24,1
DA:29,1
DA:30,1
DA:31,0
LF:12
LH:10
BRF:0
BRH:0
end_of_record
TN:
SF:/home/francisco/Repos/training/angular-color-selector/src/app/home/home.component.ts
FN:15,(anonymous_0)
FN:17,(anonymous_1)
FN:22,(anonymous_2)
FN:26,(anonymous_3)
FNF:4
FNH:2
FNDA:1,(anonymous_0)
FNDA:1,(anonymous_1)
FNDA:0,(anonymous_2)
FNDA:0,(anonymous_3)
DA:12,1
DA:15,1
DA:18,1
DA:19,1
DA:23,0
DA:27,0
DA:28,0
LF:7
LH:4
BRF:0
BRH:0
end_of_record
TN:
SF:/home/francisco/Repos/training/angular-color-selector/src/app/i18n/i18n.module.ts
FNF:0
FNH:0
DA:14,1
LF:1
LH:1
BRF:0
BRH:0
end_of_record
TN:
SF:/home/francisco/Repos/training/angular-color-selector/src/app/i18n/i18n.service.ts
FN:17,extract
FN:30,(anonymous_1)
FN:41,(anonymous_2)
FN:48,(anonymous_3)
FN:57,(anonymous_4)
FN:69,(anonymous_5)
FN:80,(anonymous_6)
FN:99,(anonymous_7)
FNF:8
FNH:8
FNDA:1,extract
FNDA:9,(anonymous_1)
FNDA:6,(anonymous_2)
FNDA:3,(anonymous_3)
FNDA:1,(anonymous_4)
FNDA:9,(anonymous_5)
FNDA:6,(anonymous_6)
FNDA:3,(anonymous_7)
DA:8,1
DA:9,1
DA:18,1
DA:24,1
DA:30,9
DA:32,9
DA:42,6
DA:43,6
DA:44,6
DA:47,6
DA:49,3
DA:58,1
DA:59,0
DA:70,9
DA:74,9
DA:77,9
DA:78,2
DA:79,2
DA:81,6
DA:83,2
DA:87,9
DA:88,1
DA:91,9
DA:92,9
DA:100,3
LF:25
LH:24
BRDA:58,0,0,0
BRDA:58,0,1,1
BRDA:71,1,0,9
BRDA:71,1,1,6
BRDA:71,1,2,5
BRDA:77,2,0,2
BRDA:77,2,1,7
BRDA:77,3,0,9
BRDA:77,3,1,9
BRDA:80,4,0,2
BRDA:80,4,1,1
BRDA:87,5,0,1
BRDA:87,5,1,8
BRF:13
BRH:12
end_of_record
TN:
SF:/home/francisco/Repos/training/angular-color-selector/src/app/i18n/index.ts
FNF:0
FNH:0
LF:0
LH:0
BRF:0
BRH:0
end_of_record
TN:
SF:/home/francisco/Repos/training/angular-color-selector/src/app/i18n/language-selector.component.ts
FN:13,(anonymous_0)
FN:15,(anonymous_1)
FN:17,(anonymous_2)
FN:21,(anonymous_3)
FN:25,(anonymous_4)
FNF:5
FNH:4
FNDA:1,(anonymous_0)
FNDA:1,(anonymous_1)
FNDA:0,(anonymous_2)
FNDA:2,(anonymous_3)
FNDA:2,(anonymous_4)
DA:10,1
DA:11,1
DA:13,1
DA:18,0
DA:22,2
DA:26,2
LF:6
LH:5
BRF:0
BRH:0
end_of_record
TN:
SF:/home/francisco/Repos/training/angular-color-selector/src/app/shell/shell.component.ts
FN:12,(anonymous_0)
FN:18,(anonymous_1)
FN:20,(anonymous_2)
FN:24,(anonymous_3)
FNF:4
FNH:2
FNDA:1,(anonymous_0)
FNDA:1,(anonymous_1)
FNDA:0,(anonymous_2)
FNDA:0,(anonymous_3)
DA:11,1
DA:13,1
DA:14,1
DA:15,1
DA:21,0
DA:25,0
LF:6
LH:4
BRDA:21,0,0,0
BRDA:21,0,1,0
BRF:2
BRH:0
end_of_record
TN:
SF:/home/francisco/Repos/training/angular-color-selector/src/app/shell/shell.service.ts
FN:14,(anonymous_0)
FNF:1
FNH:1
FNDA:1,(anonymous_0)
DA:15,1
LF:1
LH:1
BRF:0
BRH:0
end_of_record
TN:
SF:/home/francisco/Repos/training/angular-color-selector/src/environments/.env.ts
FNF:0
FNH:0
DA:1,1
LF:1
LH:1
BRF:0
BRH:0
end_of_record
TN:
SF:/home/francisco/Repos/training/angular-color-selector/src/environments/environment.ts
FNF:0
FNH:0
DA:13,1
LF:1
LH:1
BRF:0
BRH:0
end_of_record
